A-Trip-To-Mars(1).txt
A-Trip-To-Mars.txt
catcat.txt
catcount.txt
catls.txt
core.25167
exitcode.cpp
external1.txt
external2_test.txt
external2.txt
external3.txt
external4.txt
external5.txt
external6.txt
external7.txt
external8.txt
external_test2.txt
external_test.txt
forever2.cpp
forever.cpp
interactive.txt
ls.out
ls.txt
makefile
multigrepwccat.inout1.txt
multigrepwccat.inout2.txt
multigrepwccat.inout3.txt
multigrepwccat.out1.txt
multigrepwccat.out2.txt
multigrepwccat.out3.txt
multi.txt
out.out
ps.txt
README.txt
showenv.cpp
showsishenv.cpp
sish
sish.cpp
touch.file1.txt
wcount.txt
wc.out2
